app/build/intermediates/manifest_merge_blame_file/debug/manifest-merger-blame-debug-report.txt
1<?xml version="1.0" encoding="utf-8"?>
2<manifest xmlns:android="http://schemas.android.com/apk/res/android"
3    package="com.example.airpnp"
4    android:versionCode="1"
5    android:versionName="1.0" >
6
7    <uses-sdk
8        android:minSdkVersion="24"
8-->src\main\AndroidManifest.xml
9        android:targetSdkVersion="29" />
9-->src\main\AndroidManifest.xml
10    <!--
11         The ACCESS_COARSE/FINE_LOCATION permissions are not required to use
12         Google Maps Android API v2, but you must specify either coarse or fine
13         location permissions for the "MyLocation" functionality.
14    -->
15    <uses-permission android:name="android.permission.ACCESS_FINE_LOCATION" />
15-->src\main\AndroidManifest.xml:9:5-79
15-->src\main\AndroidManifest.xml:9:22-76
16    <uses-permission android:name="android.permission.SEND_SMS" />
16-->src\main\AndroidManifest.xml:10:5-67
16-->src\main\AndroidManifest.xml:10:22-64
17    <uses-permission android:name="android.permission.INTERNET" />
17-->src\main\AndroidManifest.xml:11:5-66
17-->src\main\AndroidManifest.xml:11:22-64
18    <uses-permission android:name="android.permission.READ_EXTERNAL_STORAGE" />
18-->src\main\AndroidManifest.xml:12:5-80
18-->src\main\AndroidManifest.xml:12:22-77
19    <uses-permission android:name="android.permission.ACCESS_WIFI_STATE" /> <!-- Include required permissions for Google Maps API to run. -->
19-->[com.google.android.libraries.places:places:2.4.0] AndroidManifest.xml:10:5-76
19-->[com.google.android.libraries.places:places:2.4.0] AndroidManifest.xml:10:22-73
20    <uses-permission android:name="android.permission.ACCESS_NETWORK_STATE" />
20-->[com.google.android.gms:play-services-maps:17.0.0] AndroidManifest.xml:23:5-79
20-->[com.google.android.gms:play-services-maps:17.0.0] AndroidManifest.xml:23:22-76
21
22    <uses-feature
22-->[com.google.android.gms:play-services-maps:17.0.0] AndroidManifest.xml:26:5-28:35
23        android:glEsVersion="0x00020000"
23-->[com.google.android.gms:play-services-maps:17.0.0] AndroidManifest.xml:27:9-41
24        android:required="true" /> <!-- Optional permission for Analytics to run. -->
24-->[com.google.android.gms:play-services-maps:17.0.0] AndroidManifest.xml:28:9-32
25    <uses-permission android:name="android.permission.WAKE_LOCK" /> <!-- Required by older versions of Google Play services to create GCM registration tokens -->
25-->[com.google.android.gms:play-services-analytics:12.0.1] AndroidManifest.xml:27:5-68
25-->[com.google.android.gms:play-services-analytics:12.0.1] AndroidManifest.xml:27:22-65
26    <uses-permission android:name="com.google.android.c2dm.permission.RECEIVE" />
26-->[com.google.android.gms:play-services-gcm:12.0.1] AndroidManifest.xml:23:5-82
26-->[com.google.android.gms:play-services-gcm:12.0.1] AndroidManifest.xml:23:22-79
27
28    <permission
28-->[com.google.firebase:firebase-iid:12.0.1] AndroidManifest.xml:28:5-30:47
29        android:name="com.example.airpnp.permission.C2D_MESSAGE"
29-->[com.google.firebase:firebase-iid:12.0.1] AndroidManifest.xml:29:9-63
30        android:protectionLevel="signature" />
30-->[com.google.firebase:firebase-iid:12.0.1] AndroidManifest.xml:30:9-44
31
32    <uses-permission android:name="com.example.airpnp.permission.C2D_MESSAGE" />
32-->[com.google.firebase:firebase-iid:12.0.1] AndroidManifest.xml:32:5-79
32-->[com.google.firebase:firebase-iid:12.0.1] AndroidManifest.xml:32:22-76
33
34    <application
34-->src\main\AndroidManifest.xml:14:5-57:19
35        android:allowBackup="true"
35-->src\main\AndroidManifest.xml:15:9-35
36        android:appComponentFactory="androidx.core.app.CoreComponentFactory"
36-->[androidx.core:core:1.3.1] AndroidManifest.xml:24:18-86
37        android:debuggable="true"
38        android:extractNativeLibs="false"
39        android:icon="@mipmap/ic_launcher"
39-->src\main\AndroidManifest.xml:16:9-43
40        android:label="@string/app_name"
40-->src\main\AndroidManifest.xml:17:9-41
41        android:roundIcon="@mipmap/ic_launcher_round"
41-->src\main\AndroidManifest.xml:18:9-54
42        android:supportsRtl="false"
42-->src\main\AndroidManifest.xml:19:9-36
43        android:testOnly="true"
44        android:theme="@style/AppTheme" >
44-->src\main\AndroidManifest.xml:20:9-40
45        <meta-data
45-->src\main\AndroidManifest.xml:21:9-23:55
46            android:name="com.google.android.geo.API_KEY"
46-->src\main\AndroidManifest.xml:22:13-58
47            android:value="@string/google_maps_key" />
47-->src\main\AndroidManifest.xml:23:13-52
48
49        <!--
50     The API key for Google Maps-based APIs is defined as a string resource.
51     (See the file "res/values/google_maps_api.xml").
52     Note that the API key is linked to the encryption key used to sign the APK.
53     You need a different API key for each encryption key, including the release key that is used to
54     sign the APK for publishing.
55     You can define the keys for the debug and release targets in src/debug/ and src/release/.
56        -->
57
58        <activity
58-->src\main\AndroidManifest.xml:34:9-38:20
59            android:name="com.example.airpnp.MapPackage.NavigationDrawerActivity"
59-->src\main\AndroidManifest.xml:35:13-64
60            android:label="@string/title_activity_navigation_drawer"
60-->src\main\AndroidManifest.xml:36:13-69
61            android:theme="@style/AppTheme.NoActionBar" >
61-->src\main\AndroidManifest.xml:37:13-56
62        </activity>
63        <activity
63-->src\main\AndroidManifest.xml:40:9-43:20
64            android:name="com.example.airpnp.RentPackage.RentActivity"
64-->src\main\AndroidManifest.xml:41:13-53
65            android:theme="@style/Theme.MaterialComponents.Light" >
65-->src\main\AndroidManifest.xml:42:13-66
66        </activity>
67        <activity android:name="com.example.airpnp.AuthPackage.EmailVerification" />
67-->src\main\AndroidManifest.xml:44:9-67
67-->src\main\AndroidManifest.xml:44:19-64
68        <activity android:name="com.example.airpnp.ContactUser.SmsSender" />
68-->src\main\AndroidManifest.xml:45:9-59
68-->src\main\AndroidManifest.xml:45:19-56
69        <activity android:name="com.example.airpnp.UserPackage.ProfileActivity" />
69-->src\main\AndroidManifest.xml:46:9-65
69-->src\main\AndroidManifest.xml:46:19-62
70        <activity android:name="com.example.airpnp.AuthPackage.RegisterUser" />
70-->src\main\AndroidManifest.xml:47:9-62
70-->src\main\AndroidManifest.xml:47:19-59
71        <activity android:name="com.example.airpnp.AuthPackage.Authentication" />
71-->src\main\AndroidManifest.xml:48:9-64
71-->src\main\AndroidManifest.xml:48:19-61
72        <activity android:name="com.example.airpnp.MainActivity" >
72-->src\main\AndroidManifest.xml:50:9-56:20
72-->src\main\AndroidManifest.xml:50:19-47
73            <intent-filter>
73-->src\main\AndroidManifest.xml:51:13-55:29
74                <action android:name="android.intent.action.MAIN" />
74-->src\main\AndroidManifest.xml:52:17-69
74-->src\main\AndroidManifest.xml:52:25-66
75
76                <category android:name="android.intent.category.LAUNCHER" />
76-->src\main\AndroidManifest.xml:54:17-77
76-->src\main\AndroidManifest.xml:54:27-74
77            </intent-filter>
78        </activity>
79        <activity
79-->[com.google.android.libraries.places:places:2.4.0] AndroidManifest.xml:14:9-20:20
80            android:name="com.google.android.libraries.places.widget.AutocompleteActivity"
80-->[com.google.android.libraries.places:places:2.4.0] AndroidManifest.xml:15:13-91
81            android:exported="false"
81-->[com.google.android.libraries.places:places:2.4.0] AndroidManifest.xml:16:13-37
82            android:label="@string/places_autocomplete_label"
82-->[com.google.android.libraries.places:places:2.4.0] AndroidManifest.xml:17:13-62
83            android:theme="@style/PlacesAutocompleteOverlay"
83-->[com.google.android.libraries.places:places:2.4.0] AndroidManifest.xml:18:13-61
84            android:windowSoftInputMode="adjustResize" >
84-->[com.google.android.libraries.places:places:2.4.0] AndroidManifest.xml:19:13-55
85        </activity>
86
87        <receiver android:name="com.google.android.gms.cast.framework.media.MediaIntentReceiver" />
87-->[com.google.android.gms:play-services-cast-framework:12.0.1] AndroidManifest.xml:8:9-100
87-->[com.google.android.gms:play-services-cast-framework:12.0.1] AndroidManifest.xml:8:19-97
88
89        <service android:name="com.google.android.gms.cast.framework.media.MediaNotificationService" />
89-->[com.google.android.gms:play-services-cast-framework:12.0.1] AndroidManifest.xml:10:9-104
89-->[com.google.android.gms:play-services-cast-framework:12.0.1] AndroidManifest.xml:10:18-101
90        <service android:name="com.google.android.gms.cast.framework.ReconnectionService" /> <!-- Needs to be explicitly declared on P+ -->
90-->[com.google.android.gms:play-services-cast-framework:12.0.1] AndroidManifest.xml:11:9-93
90-->[com.google.android.gms:play-services-cast-framework:12.0.1] AndroidManifest.xml:11:18-90
91        <uses-library
91-->[com.google.android.gms:play-services-maps:17.0.0] AndroidManifest.xml:33:9-35:40
92            android:name="org.apache.http.legacy"
92-->[com.google.android.gms:play-services-maps:17.0.0] AndroidManifest.xml:34:13-50
93            android:required="false" />
93-->[com.google.android.gms:play-services-maps:17.0.0] AndroidManifest.xml:35:13-37
94
95        <activity
95-->[com.google.firebase:firebase-auth:20.0.2] AndroidManifest.xml:27:9-44:20
96            android:name="com.google.firebase.auth.internal.GenericIdpActivity"
96-->[com.google.firebase:firebase-auth:20.0.2] AndroidManifest.xml:28:13-80
97            android:excludeFromRecents="true"
97-->[com.google.firebase:firebase-auth:20.0.2] AndroidManifest.xml:29:13-46
98            android:exported="true"
98-->[com.google.firebase:firebase-auth:20.0.2] AndroidManifest.xml:30:13-36
99            android:launchMode="singleTask"
99-->[com.google.firebase:firebase-auth:20.0.2] AndroidManifest.xml:31:13-44
100            android:theme="@android:style/Theme.Translucent.NoTitleBar" >
100-->[com.google.firebase:firebase-auth:20.0.2] AndroidManifest.xml:32:13-72
101            <intent-filter>
101-->[com.google.firebase:firebase-auth:20.0.2] AndroidManifest.xml:33:13-43:29
102                <action android:name="android.intent.action.VIEW" />
102-->[com.google.firebase:firebase-auth:20.0.2] AndroidManifest.xml:34:17-69
102-->[com.google.firebase:firebase-auth:20.0.2] AndroidManifest.xml:34:25-66
103
104                <category android:name="android.intent.category.DEFAULT" />
104-->[com.google.firebase:firebase-auth:20.0.2] AndroidManifest.xml:36:17-76
104-->[com.google.firebase:firebase-auth:20.0.2] AndroidManifest.xml:36:27-73
105                <category android:name="android.intent.category.BROWSABLE" />
105-->[com.google.firebase:firebase-auth:20.0.2] AndroidManifest.xml:37:17-78
105-->[com.google.firebase:firebase-auth:20.0.2] AndroidManifest.xml:37:27-75
106
107                <data
107-->[com.google.firebase:firebase-auth:20.0.2] AndroidManifest.xml:39:17-42:51
108                    android:host="firebase.auth"
108-->[com.google.firebase:firebase-auth:20.0.2] AndroidManifest.xml:40:21-49
109                    android:path="/"
109-->[com.google.firebase:firebase-auth:20.0.2] AndroidManifest.xml:41:21-37
110                    android:scheme="genericidp" />
110-->[com.google.firebase:firebase-auth:20.0.2] AndroidManifest.xml:42:21-48
111            </intent-filter>
112        </activity>
113        <activity
113-->[com.google.firebase:firebase-auth:20.0.2] AndroidManifest.xml:45:9-62:20
114            android:name="com.google.firebase.auth.internal.RecaptchaActivity"
114-->[com.google.firebase:firebase-auth:20.0.2] AndroidManifest.xml:46:13-79
115            android:excludeFromRecents="true"
115-->[com.google.firebase:firebase-auth:20.0.2] AndroidManifest.xml:47:13-46
116            android:exported="true"
116-->[com.google.firebase:firebase-auth:20.0.2] AndroidManifest.xml:48:13-36
117            android:launchMode="singleTask"
117-->[com.google.firebase:firebase-auth:20.0.2] AndroidManifest.xml:49:13-44
118            android:theme="@android:style/Theme.Translucent.NoTitleBar" >
118-->[com.google.firebase:firebase-auth:20.0.2] AndroidManifest.xml:50:13-72
119            <intent-filter>
119-->[com.google.firebase:firebase-auth:20.0.2] AndroidManifest.xml:51:13-61:29
120                <action android:name="android.intent.action.VIEW" />
120-->[com.google.firebase:firebase-auth:20.0.2] AndroidManifest.xml:34:17-69
120-->[com.google.firebase:firebase-auth:20.0.2] AndroidManifest.xml:34:25-66
121
122                <category android:name="android.intent.category.DEFAULT" />
122-->[com.google.firebase:firebase-auth:20.0.2] AndroidManifest.xml:36:17-76
122-->[com.google.firebase:firebase-auth:20.0.2] AndroidManifest.xml:36:27-73
123                <category android:name="android.intent.category.BROWSABLE" />
123-->[com.google.firebase:firebase-auth:20.0.2] AndroidManifest.xml:37:17-78
123-->[com.google.firebase:firebase-auth:20.0.2] AndroidManifest.xml:37:27-75
124
125                <data
125-->[com.google.firebase:firebase-auth:20.0.2] AndroidManifest.xml:39:17-42:51
126                    android:host="firebase.auth"
126-->[com.google.firebase:firebase-auth:20.0.2] AndroidManifest.xml:40:21-49
127                    android:path="/"
127-->[com.google.firebase:firebase-auth:20.0.2] AndroidManifest.xml:41:21-37
128                    android:scheme="recaptcha" />
128-->[com.google.firebase:firebase-auth:20.0.2] AndroidManifest.xml:42:21-48
129            </intent-filter>
130        </activity>
131
132        <service
132-->[com.google.firebase:firebase-auth:20.0.2] AndroidManifest.xml:64:9-73:19
133            android:name="com.google.firebase.auth.api.fallback.service.FirebaseAuthFallbackService"
133-->[com.google.firebase:firebase-auth:20.0.2] AndroidManifest.xml:65:13-101
134            android:enabled="true"
134-->[com.google.firebase:firebase-auth:20.0.2] AndroidManifest.xml:66:13-35
135            android:exported="false" >
135-->[com.google.firebase:firebase-auth:20.0.2] AndroidManifest.xml:67:13-37
136            <intent-filter>
136-->[com.google.firebase:firebase-auth:20.0.2] AndroidManifest.xml:68:13-72:29
137                <action android:name="com.google.firebase.auth.api.gms.service.START" />
137-->[com.google.firebase:firebase-auth:20.0.2] AndroidManifest.xml:69:17-89
137-->[com.google.firebase:firebase-auth:20.0.2] AndroidManifest.xml:69:25-86
138
139                <category android:name="android.intent.category.DEFAULT" />
139-->[com.google.firebase:firebase-auth:20.0.2] AndroidManifest.xml:36:17-76
139-->[com.google.firebase:firebase-auth:20.0.2] AndroidManifest.xml:36:27-73
140            </intent-filter>
141        </service>
142        <service
142-->[com.google.firebase:firebase-auth:20.0.2] AndroidManifest.xml:74:9-80:19
143            android:name="com.google.firebase.components.ComponentDiscoveryService"
143-->[com.google.firebase:firebase-auth:20.0.2] AndroidManifest.xml:75:13-84
144            android:directBootAware="true"
144-->[com.google.firebase:firebase-common:19.5.0] AndroidManifest.xml:35:13-43
145            android:exported="false" >
145-->[com.google.firebase:firebase-auth:20.0.2] AndroidManifest.xml:76:13-37
146            <meta-data
146-->[com.google.firebase:firebase-auth:20.0.2] AndroidManifest.xml:77:13-79:85
147                android:name="com.google.firebase.components:com.google.firebase.auth.FirebaseAuthRegistrar"
147-->[com.google.firebase:firebase-auth:20.0.2] AndroidManifest.xml:78:17-109
148                android:value="com.google.firebase.components.ComponentRegistrar" />
148-->[com.google.firebase:firebase-auth:20.0.2] AndroidManifest.xml:79:17-82
149            <meta-data
149-->[com.google.firebase:firebase-database:19.6.0] AndroidManifest.xml:32:13-34:85
150                android:name="com.google.firebase.components:com.google.firebase.database.DatabaseRegistrar"
150-->[com.google.firebase:firebase-database:19.6.0] AndroidManifest.xml:33:17-109
151                android:value="com.google.firebase.components.ComponentRegistrar" />
151-->[com.google.firebase:firebase-database:19.6.0] AndroidManifest.xml:34:17-82
152            <meta-data
152-->[com.google.firebase:firebase-storage:19.2.1] AndroidManifest.xml:33:13-35:85
153                android:name="com.google.firebase.components:com.google.firebase.storage.StorageRegistrar"
153-->[com.google.firebase:firebase-storage:19.2.1] AndroidManifest.xml:34:17-107
154                android:value="com.google.firebase.components.ComponentRegistrar" />
154-->[com.google.firebase:firebase-storage:19.2.1] AndroidManifest.xml:35:17-82
155            <!--
156                This registrar is not defined in the dynamic-module-support sdk itself to allow non-firebase
157                clients to use it as well, by defining this registrar in their own core/common library.
158            -->
159            <meta-data
159-->[com.google.firebase:firebase-common:19.5.0] AndroidManifest.xml:43:13-45:85
160                android:name="com.google.firebase.components:com.google.firebase.dynamicloading.DynamicLoadingRegistrar"
160-->[com.google.firebase:firebase-common:19.5.0] AndroidManifest.xml:44:17-121
161                android:value="com.google.firebase.components.ComponentRegistrar" />
161-->[com.google.firebase:firebase-common:19.5.0] AndroidManifest.xml:45:17-82
162        </service>
163
164        <receiver
164-->[com.google.android.gms:play-services-analytics:12.0.1] AndroidManifest.xml:30:9-34:20
165            android:name="com.google.android.gms.analytics.AnalyticsReceiver"
165-->[com.google.android.gms:play-services-analytics:12.0.1] AndroidManifest.xml:31:13-78
166            android:enabled="true"
166-->[com.google.android.gms:play-services-analytics:12.0.1] AndroidManifest.xml:32:13-35
167            android:exported="false" >
167-->[com.google.android.gms:play-services-analytics:12.0.1] AndroidManifest.xml:33:13-37
168        </receiver>
169
170        <service
170-->[com.google.android.gms:play-services-analytics:12.0.1] AndroidManifest.xml:36:9-39:40
171            android:name="com.google.android.gms.analytics.AnalyticsService"
171-->[com.google.android.gms:play-services-analytics:12.0.1] AndroidManifest.xml:37:13-77
172            android:enabled="true"
172-->[com.google.android.gms:play-services-analytics:12.0.1] AndroidManifest.xml:38:13-35
173            android:exported="false" />
173-->[com.google.android.gms:play-services-analytics:12.0.1] AndroidManifest.xml:39:13-37
174        <service
174-->[com.google.android.gms:play-services-analytics:12.0.1] AndroidManifest.xml:40:9-44:72
175            android:name="com.google.android.gms.analytics.AnalyticsJobService"
175-->[com.google.android.gms:play-services-analytics:12.0.1] AndroidManifest.xml:41:13-80
176            android:enabled="true"
176-->[com.google.android.gms:play-services-analytics:12.0.1] AndroidManifest.xml:42:13-35
177            android:exported="false"
177-->[com.google.android.gms:play-services-analytics:12.0.1] AndroidManifest.xml:43:13-37
178            android:permission="android.permission.BIND_JOB_SERVICE" />
178-->[com.google.android.gms:play-services-analytics:12.0.1] AndroidManifest.xml:44:13-69
179
180        <activity
180-->[com.google.android.gms:play-services-appinvite:12.0.1] AndroidManifest.xml:25:9-34:20
181            android:name="com.google.android.gms.appinvite.PreviewActivity"
181-->[com.google.android.gms:play-services-appinvite:12.0.1] AndroidManifest.xml:26:13-76
182            android:exported="true"
182-->[com.google.android.gms:play-services-appinvite:12.0.1] AndroidManifest.xml:27:13-36
183            android:theme="@style/Theme.AppInvite.Preview" >
183-->[com.google.android.gms:play-services-appinvite:12.0.1] AndroidManifest.xml:28:13-59
184            <intent-filter>
184-->[com.google.android.gms:play-services-appinvite:12.0.1] AndroidManifest.xml:29:13-33:29
185                <action android:name="com.google.android.gms.appinvite.ACTION_PREVIEW" />
185-->[com.google.android.gms:play-services-appinvite:12.0.1] AndroidManifest.xml:30:17-90
185-->[com.google.android.gms:play-services-appinvite:12.0.1] AndroidManifest.xml:30:25-87
186
187                <category android:name="android.intent.category.DEFAULT" />
187-->[com.google.firebase:firebase-auth:20.0.2] AndroidManifest.xml:36:17-76
187-->[com.google.firebase:firebase-auth:20.0.2] AndroidManifest.xml:36:27-73
188            </intent-filter>
189        </activity>
190        <activity
190-->[com.google.android.gms:play-services-auth:12.0.1] AndroidManifest.xml:23:9-27:75
191            android:name="com.google.android.gms.auth.api.signin.internal.SignInHubActivity"
191-->[com.google.android.gms:play-services-auth:12.0.1] AndroidManifest.xml:24:13-93
192            android:excludeFromRecents="true"
192-->[com.google.android.gms:play-services-auth:12.0.1] AndroidManifest.xml:25:13-46
193            android:exported="false"
193-->[com.google.android.gms:play-services-auth:12.0.1] AndroidManifest.xml:26:13-37
194            android:theme="@android:style/Theme.Translucent.NoTitleBar" />
194-->[com.google.android.gms:play-services-auth:12.0.1] AndroidManifest.xml:27:13-72
195        <!--
196            Service handling Google Sign-In user revocation. For apps that do not integrate with
197            Google Sign-In, this service will never be started.
198        -->
199        <service
199-->[com.google.android.gms:play-services-auth:12.0.1] AndroidManifest.xml:33:9-36:110
200            android:name="com.google.android.gms.auth.api.signin.RevocationBoundService"
200-->[com.google.android.gms:play-services-auth:12.0.1] AndroidManifest.xml:34:13-89
201            android:exported="true"
201-->[com.google.android.gms:play-services-auth:12.0.1] AndroidManifest.xml:35:13-36
202            android:permission="com.google.android.gms.auth.api.signin.permission.REVOCATION_NOTIFICATION" />
202-->[com.google.android.gms:play-services-auth:12.0.1] AndroidManifest.xml:36:13-107
203
204        <activity
204-->[com.google.android.gms:play-services-base:17.5.0] AndroidManifest.xml:23:9-26:75
205            android:name="com.google.android.gms.common.api.GoogleApiActivity"
205-->[com.google.android.gms:play-services-base:17.5.0] AndroidManifest.xml:24:13-79
206            android:exported="false"
206-->[com.google.android.gms:play-services-base:17.5.0] AndroidManifest.xml:25:13-37
207            android:theme="@android:style/Theme.Translucent.NoTitleBar" /> <!-- Include the AdActivity and InAppPurchaseActivity configChanges and themes. -->
207-->[com.google.android.gms:play-services-base:17.5.0] AndroidManifest.xml:26:13-72
208        <activity
208-->[com.google.android.gms:play-services-ads-lite:12.0.1] AndroidManifest.xml:29:9-33:64
209            android:name="com.google.android.gms.ads.AdActivity"
209-->[com.google.android.gms:play-services-ads-lite:12.0.1] AndroidManifest.xml:30:13-65
210            android:configChanges="keyboard|keyboardHidden|orientation|screenLayout|uiMode|screenSize|smallestScreenSize"
210-->[com.google.android.gms:play-services-ads-lite:12.0.1] AndroidManifest.xml:31:13-122
211            android:exported="false"
211-->[com.google.android.gms:play-services-ads-lite:12.0.1] AndroidManifest.xml:32:13-37
212            android:theme="@android:style/Theme.Translucent" />
212-->[com.google.android.gms:play-services-ads-lite:12.0.1] AndroidManifest.xml:33:13-61
213        <!--
214             FirebaseMessagingService performs security checks at runtime,
215             no need for explicit permissions despite exported="true"
216        -->
217        <service
217-->[com.google.firebase:firebase-messaging:12.0.1] AndroidManifest.xml:28:9-34:19
218            android:name="com.google.firebase.messaging.FirebaseMessagingService"
218-->[com.google.firebase:firebase-messaging:12.0.1] AndroidManifest.xml:29:13-82
219            android:exported="true" >
219-->[com.google.firebase:firebase-messaging:12.0.1] AndroidManifest.xml:30:13-36
220            <intent-filter android:priority="-500" >
220-->[com.google.firebase:firebase-messaging:12.0.1] AndroidManifest.xml:31:13-33:29
220-->[com.google.firebase:firebase-messaging:12.0.1] AndroidManifest.xml:31:28-51
221                <action android:name="com.google.firebase.MESSAGING_EVENT" />
221-->[com.google.firebase:firebase-messaging:12.0.1] AndroidManifest.xml:32:17-78
221-->[com.google.firebase:firebase-messaging:12.0.1] AndroidManifest.xml:32:25-75
222            </intent-filter>
223        </service>
224        <service
224-->[com.google.android.gms:play-services-tagmanager-api:12.0.1] AndroidManifest.xml:27:9-30:40
225            android:name="com.google.android.gms.tagmanager.TagManagerService"
225-->[com.google.android.gms:play-services-tagmanager-api:12.0.1] AndroidManifest.xml:28:13-79
226            android:enabled="true"
226-->[com.google.android.gms:play-services-tagmanager-api:12.0.1] AndroidManifest.xml:29:13-35
227            android:exported="false" />
227-->[com.google.android.gms:play-services-tagmanager-api:12.0.1] AndroidManifest.xml:30:13-37
228
229        <activity
229-->[com.google.android.gms:play-services-tagmanager-api:12.0.1] AndroidManifest.xml:32:9-44:20
230            android:name="com.google.android.gms.tagmanager.TagManagerPreviewActivity"
230-->[com.google.android.gms:play-services-tagmanager-api:12.0.1] AndroidManifest.xml:33:13-87
231            android:exported="true"
231-->[com.google.android.gms:play-services-tagmanager-api:12.0.1] AndroidManifest.xml:34:13-36
232            android:noHistory="true" > <!-- optional, removes the previewActivity from the activity stack. -->
232-->[com.google.android.gms:play-services-tagmanager-api:12.0.1] AndroidManifest.xml:35:13-37
233            <intent-filter>
233-->[com.google.android.gms:play-services-tagmanager-api:12.0.1] AndroidManifest.xml:36:13-43:29
234                <data android:scheme="tagmanager.c.com.example.airpnp" />
234-->[com.google.firebase:firebase-auth:20.0.2] AndroidManifest.xml:39:17-42:51
234-->[com.google.firebase:firebase-auth:20.0.2] AndroidManifest.xml:42:21-48
235
236                <action android:name="android.intent.action.VIEW" />
236-->[com.google.firebase:firebase-auth:20.0.2] AndroidManifest.xml:34:17-69
236-->[com.google.firebase:firebase-auth:20.0.2] AndroidManifest.xml:34:25-66
237
238                <category android:name="android.intent.category.DEFAULT" />
238-->[com.google.firebase:firebase-auth:20.0.2] AndroidManifest.xml:36:17-76
238-->[com.google.firebase:firebase-auth:20.0.2] AndroidManifest.xml:36:27-73
239                <category android:name="android.intent.category.BROWSABLE" />
239-->[com.google.firebase:firebase-auth:20.0.2] AndroidManifest.xml:37:17-78
239-->[com.google.firebase:firebase-auth:20.0.2] AndroidManifest.xml:37:27-75
240            </intent-filter>
241        </activity>
242
243        <receiver
243-->[com.google.firebase:firebase-analytics:12.0.1] AndroidManifest.xml:28:9-32:20
244            android:name="com.google.android.gms.measurement.AppMeasurementReceiver"
244-->[com.google.firebase:firebase-analytics:12.0.1] AndroidManifest.xml:29:13-85
245            android:enabled="true"
245-->[com.google.firebase:firebase-analytics:12.0.1] AndroidManifest.xml:30:13-35
246            android:exported="false" >
246-->[com.google.firebase:firebase-analytics:12.0.1] AndroidManifest.xml:31:13-37
247        </receiver>
248        <receiver
248-->[com.google.firebase:firebase-analytics:12.0.1] AndroidManifest.xml:33:9-41:20
249            android:name="com.google.android.gms.measurement.AppMeasurementInstallReferrerReceiver"
249-->[com.google.firebase:firebase-analytics:12.0.1] AndroidManifest.xml:34:13-100
250            android:enabled="true"
250-->[com.google.firebase:firebase-analytics:12.0.1] AndroidManifest.xml:35:13-35
251            android:exported="true"
251-->[com.google.firebase:firebase-analytics:12.0.1] AndroidManifest.xml:36:13-36
252            android:permission="android.permission.INSTALL_PACKAGES" >
252-->[com.google.firebase:firebase-analytics:12.0.1] AndroidManifest.xml:37:13-69
253            <intent-filter>
253-->[com.google.firebase:firebase-analytics:12.0.1] AndroidManifest.xml:38:13-40:29
254                <action android:name="com.android.vending.INSTALL_REFERRER" />
254-->[com.google.firebase:firebase-analytics:12.0.1] AndroidManifest.xml:39:17-79
254-->[com.google.firebase:firebase-analytics:12.0.1] AndroidManifest.xml:39:25-76
255            </intent-filter>
256        </receiver>
257
258        <service
258-->[com.google.firebase:firebase-analytics:12.0.1] AndroidManifest.xml:43:9-46:40
259            android:name="com.google.android.gms.measurement.AppMeasurementService"
259-->[com.google.firebase:firebase-analytics:12.0.1] AndroidManifest.xml:44:13-84
260            android:enabled="true"
260-->[com.google.firebase:firebase-analytics:12.0.1] AndroidManifest.xml:45:13-35
261            android:exported="false" />
261-->[com.google.firebase:firebase-analytics:12.0.1] AndroidManifest.xml:46:13-37
262        <service
262-->[com.google.firebase:firebase-analytics:12.0.1] AndroidManifest.xml:47:9-51:72
263            android:name="com.google.android.gms.measurement.AppMeasurementJobService"
263-->[com.google.firebase:firebase-analytics:12.0.1] AndroidManifest.xml:48:13-87
264            android:enabled="true"
264-->[com.google.firebase:firebase-analytics:12.0.1] AndroidManifest.xml:49:13-35
265            android:exported="false"
265-->[com.google.firebase:firebase-analytics:12.0.1] AndroidManifest.xml:50:13-37
266            android:permission="android.permission.BIND_JOB_SERVICE" />
266-->[com.google.firebase:firebase-analytics:12.0.1] AndroidManifest.xml:51:13-69
267
268        <receiver